# JRE version: OpenJDK Runtime Environment (8.0_152-b06) (build 1.8.0_152-release-1136-b06)
# Java VM: OpenJDK 64-Bit Server VM (25.152-b06 mixed mode windows-amd64 compressed oops)
Heap:
 PSYoungGen      total 140288K, used 61994K [0x00000000e0000000, 0x00000000eb680000, 0x0000000100000000)
  eden space 130560K, 47% used [0x00000000e0000000,0x00000000e3c8aae8,0x00000000e7f80000)
  from space 9728K, 0% used [0x00000000e7f80000,0x00000000e7f80000,0x00000000e8900000)
  to   space 13312K, 0% used [0x00000000ea980000,0x00000000ea980000,0x00000000eb680000)
 ParOldGen       total 102912K, used 20853K [0x00000000a0000000, 0x00000000a6480000, 0x00000000e0000000)
  object space 102912K, 20% used [0x00000000a0000000,0x00000000a145d5d8,0x00000000a6480000)
 Metaspace       used 38782K, capacity 39506K, committed 39680K, reserved 1083392K
  class space    used 5310K, capacity 5598K, committed 5632K, reserved 1048576K
GC Heap History (10 events):
Event: 5.504 GC heap before
{Heap before GC invocations=5 (full 0):
 PSYoungGen      total 71680K, used 23704K [0x00000000e0000000, 0x00000000e4b00000, 0x0000000100000000)
  eden space 66560K, 27% used [0x00000000e0000000,0x00000000e122a1c8,0x00000000e4100000)
  from space 5120K, 99% used [0x00000000e4600000,0x00000000e4afc030,0x00000000e4b00000)
  to   space 5120K, 0% used [0x00000000e4100000,0x00000000e4100000,0x00000000e4600000)
 ParOldGen       total 87552K, used 5121K [0x00000000a0000000, 0x00000000a5580000, 0x00000000e0000000)
  object space 87552K, 5% used [0x00000000a0000000,0x00000000a05005d0,0x00000000a5580000)
 Metaspace       used 20797K, capacity 21194K, committed 21248K, reserved 1067008K
  class space    used 2899K, capacity 3038K, committed 3072K, reserved 1048576K
Event: 5.522 GC heap after
Heap after GC invocations=5 (full 0):
 PSYoungGen      total 71680K, used 5088K [0x00000000e0000000, 0x00000000e9600000, 0x0000000100000000)
  eden space 66560K, 0% used [0x00000000e0000000,0x00000000e0000000,0x00000000e4100000)
  from space 5120K, 99% used [0x00000000e4100000,0x00000000e45f8050,0x00000000e4600000)
  to   space 10240K, 0% used [0x00000000e8c00000,0x00000000e8c00000,0x00000000e9600000)
 ParOldGen       total 87552K, used 8100K [0x00000000a0000000, 0x00000000a5580000, 0x00000000e0000000)
  object space 87552K, 9% used [0x00000000a0000000,0x00000000a07e9248,0x00000000a5580000)
 Metaspace       used 20797K, capacity 21194K, committed 21248K, reserved 1067008K
  class space    used 2899K, capacity 3038K, committed 3072K, reserved 1048576K
}
Event: 5.522 GC heap before
{Heap before GC invocations=6 (full 1):
 PSYoungGen      total 71680K, used 5088K [0x00000000e0000000, 0x00000000e9600000, 0x0000000100000000)
  eden space 66560K, 0% used [0x00000000e0000000,0x00000000e0000000,0x00000000e4100000)
  from space 5120K, 99% used [0x00000000e4100000,0x00000000e45f8050,0x00000000e4600000)
  to   space 10240K, 0% used [0x00000000e8c00000,0x00000000e8c00000,0x00000000e9600000)
 ParOldGen       total 87552K, used 8100K [0x00000000a0000000, 0x00000000a5580000, 0x00000000e0000000)
  object space 87552K, 9% used [0x00000000a0000000,0x00000000a07e9248,0x00000000a5580000)
 Metaspace       used 20797K, capacity 21194K, committed 21248K, reserved 1067008K
  class space    used 2899K, capacity 3038K, committed 3072K, reserved 1048576K
Event: 5.588 GC heap after
Heap after GC invocations=6 (full 1):
 PSYoungGen      total 71680K, used 0K [0x00000000e0000000, 0x00000000e9600000, 0x0000000100000000)
  eden space 66560K, 0% used [0x00000000e0000000,0x00000000e0000000,0x00000000e4100000)
  from space 5120K, 0% used [0x00000000e4100000,0x00000000e4100000,0x00000000e4600000)
  to   space 10240K, 0% used [0x00000000e8c00000,0x00000000e8c00000,0x00000000e9600000)
 ParOldGen       total 60416K, used 8324K [0x00000000a0000000, 0x00000000a3b00000, 0x00000000e0000000)
  object space 60416K, 13% used [0x00000000a0000000,0x00000000a0821080,0x00000000a3b00000)
 Metaspace       used 20797K, capacity 21194K, committed 21248K, reserved 1067008K
  class space    used 2899K, capacity 3038K, committed 3072K, reserved 1048576K
}
Event: 7.057 GC heap before
{Heap before GC invocations=7 (full 1):
 PSYoungGen      total 71680K, used 66560K [0x00000000e0000000, 0x00000000e9600000, 0x0000000100000000)
  eden space 66560K, 100% used [0x00000000e0000000,0x00000000e4100000,0x00000000e4100000)
  from space 5120K, 0% used [0x00000000e4100000,0x00000000e4100000,0x00000000e4600000)
  to   space 10240K, 0% used [0x00000000e8c00000,0x00000000e8c00000,0x00000000e9600000)
 ParOldGen       total 60416K, used 8324K [0x00000000a0000000, 0x00000000a3b00000, 0x00000000e0000000)
  object space 60416K, 13% used [0x00000000a0000000,0x00000000a0821080,0x00000000a3b00000)
 Metaspace       used 26014K, capacity 26522K, committed 26624K, reserved 1073152K
  class space    used 3624K, capacity 3804K, committed 3840K, reserved 1048576K
Event: 7.071 GC heap after
Heap after GC invocations=7 (full 1):
 PSYoungGen      total 109568K, used 6650K [0x00000000e0000000, 0x00000000e9280000, 0x0000000100000000)
  eden space 102912K, 0% used [0x00000000e0000000,0x00000000e0000000,0x00000000e6480000)
  from space 6656K, 99% used [0x00000000e8c00000,0x00000000e927e8e8,0x00000000e9280000)
  to   space 9728K, 0% used [0x00000000e7f80000,0x00000000e7f80000,0x00000000e8900000)
 ParOldGen       total 60416K, used 8332K [0x00000000a0000000, 0x00000000a3b00000, 0x00000000e0000000)
  object space 60416K, 13% used [0x00000000a0000000,0x00000000a0823080,0x00000000a3b00000)
 Metaspace       used 26014K, capacity 26522K, committed 26624K, reserved 1073152K
  class space    used 3624K, capacity 3804K, committed 3840K, reserved 1048576K
}
Event: 9.711 GC heap before
{Heap before GC invocations=8 (full 1):
 PSYoungGen      total 109568K, used 109286K [0x00000000e0000000, 0x00000000e9280000, 0x0000000100000000)
  eden space 102912K, 99% used [0x00000000e0000000,0x00000000e643b170,0x00000000e6480000)
  from space 6656K, 99% used [0x00000000e8c00000,0x00000000e927e8e8,0x00000000e9280000)
  to   space 9728K, 0% used [0x00000000e7f80000,0x00000000e7f80000,0x00000000e8900000)
 ParOldGen       total 60416K, used 8332K [0x00000000a0000000, 0x00000000a3b00000, 0x00000000e0000000)
  object space 60416K, 13% used [0x00000000a0000000,0x00000000a0823080,0x00000000a3b00000)
 Metaspace       used 34511K, capacity 35308K, committed 35416K, reserved 1079296K
  class space    used 4824K, capacity 5095K, committed 5120K, reserved 1048576K
Event: 9.757 GC heap after
Heap after GC invocations=8 (full 1):
 PSYoungGen      total 140288K, used 9706K [0x00000000e0000000, 0x00000000eb680000, 0x0000000100000000)
  eden space 130560K, 0% used [0x00000000e0000000,0x00000000e0000000,0x00000000e7f80000)
  from space 9728K, 99% used [0x00000000e7f80000,0x00000000e88fabe8,0x00000000e8900000)
  to   space 13312K, 0% used [0x00000000ea980000,0x00000000ea980000,0x00000000eb680000)
 ParOldGen       total 60416K, used 13241K [0x00000000a0000000, 0x00000000a3b00000, 0x00000000e0000000)
  object space 60416K, 21% used [0x00000000a0000000,0x00000000a0cee610,0x00000000a3b00000)
 Metaspace       used 34511K, capacity 35308K, committed 35416K, reserved 1079296K
  class space    used 4824K, capacity 5095K, committed 5120K, reserved 1048576K
}
Event: 9.757 GC heap before
{Heap before GC invocations=9 (full 2):
 PSYoungGen      total 140288K, used 9706K [0x00000000e0000000, 0x00000000eb680000, 0x0000000100000000)
  eden space 130560K, 0% used [0x00000000e0000000,0x00000000e0000000,0x00000000e7f80000)
  from space 9728K, 99% used [0x00000000e7f80000,0x00000000e88fabe8,0x00000000e8900000)
  to   space 13312K, 0% used [0x00000000ea980000,0x00000000ea980000,0x00000000eb680000)
 ParOldGen       total 60416K, used 13241K [0x00000000a0000000, 0x00000000a3b00000, 0x00000000e0000000)
  object space 60416K, 21% used [0x00000000a0000000,0x00000000a0cee610,0x00000000a3b00000)
 Metaspace       used 34511K, capacity 35308K, committed 35416K, reserved 1079296K
  class space    used 4824K, capacity 5095K, committed 5120K, reserved 1048576K
Event: 9.897 GC heap after
Heap after GC invocations=9 (full 2):
 PSYoungGen      total 140288K, used 0K [0x00000000e0000000, 0x00000000eb680000, 0x0000000100000000)
  eden space 130560K, 0% used [0x00000000e0000000,0x00000000e0000000,0x00000000e7f80000)
  from space 9728K, 0% used [0x00000000e7f80000,0x00000000e7f80000,0x00000000e8900000)
  to   space 13312K, 0% used [0x00000000ea980000,0x00000000ea980000,0x00000000eb680000)
 ParOldGen       total 102912K, used 20853K [0x00000000a0000000, 0x00000000a6480000, 0x00000000e0000000)
  object space 102912K, 20% used [0x00000000a0000000,0x00000000a145d5d8,0x00000000a6480000)
 Metaspace       used 34511K, capacity 35308K, committed 35416K, reserved 1079296K
  class space    used 4824K, capacity 5095K, committed 5120K, reserved 1048576K
}

