# JRE version: OpenJDK Runtime Environment (8.0_152-b06) (build 1.8.0_152-release-1136-b06)
# Java VM: OpenJDK 64-Bit Server VM (25.152-b06 mixed mode windows-amd64 compressed oops)
Heap:
 PSYoungGen      total 199680K, used 71828K [0x00000000eab00000, 0x00000000f9200000, 0x0000000100000000)
  eden space 166912K, 29% used [0x00000000eab00000,0x00000000edb9ca78,0x00000000f4e00000)
  from space 32768K, 67% used [0x00000000f4e00000,0x00000000f63886b0,0x00000000f6e00000)
  to   space 27648K, 0% used [0x00000000f6e00000,0x00000000f6e00000,0x00000000f8900000)
 ParOldGen       total 100864K, used 50978K [0x00000000c0000000, 0x00000000c6280000, 0x00000000eab00000)
  object space 100864K, 50% used [0x00000000c0000000,0x00000000c31c8a98,0x00000000c6280000)
 Metaspace       used 73323K, capacity 76480K, committed 76672K, reserved 1116160K
  class space    used 9592K, capacity 10282K, committed 10368K, reserved 1048576K
GC Heap History (10 events):
Event: 41.190 GC heap before
{Heap before GC invocations=20 (full 3):
 PSYoungGen      total 174080K, used 171019K [0x00000000eab00000, 0x00000000f7680000, 0x0000000100000000)
  eden space 154112K, 100% used [0x00000000eab00000,0x00000000f4180000,0x00000000f4180000)
  from space 19968K, 84% used [0x00000000f6300000,0x00000000f7382cb8,0x00000000f7680000)
  to   space 27136K, 0% used [0x00000000f4180000,0x00000000f4180000,0x00000000f5c00000)
 ParOldGen       total 100864K, used 46639K [0x00000000c0000000, 0x00000000c6280000, 0x00000000eab00000)
  object space 100864K, 46% used [0x00000000c0000000,0x00000000c2d8be70,0x00000000c6280000)
 Metaspace       used 63606K, capacity 65980K, committed 66176K, reserved 1105920K
  class space    used 8434K, capacity 9006K, committed 9088K, reserved 1048576K
Event: 41.213 GC heap after
Heap after GC invocations=20 (full 3):
 PSYoungGen      total 181248K, used 17452K [0x00000000eab00000, 0x00000000f8900000, 0x0000000100000000)
  eden space 154112K, 0% used [0x00000000eab00000,0x00000000eab00000,0x00000000f4180000)
  from space 27136K, 64% used [0x00000000f4180000,0x00000000f528b158,0x00000000f5c00000)
  to   space 27648K, 0% used [0x00000000f6e00000,0x00000000f6e00000,0x00000000f8900000)
 ParOldGen       total 100864K, used 46647K [0x00000000c0000000, 0x00000000c6280000, 0x00000000eab00000)
  object space 100864K, 46% used [0x00000000c0000000,0x00000000c2d8de70,0x00000000c6280000)
 Metaspace       used 63606K, capacity 65980K, committed 66176K, reserved 1105920K
  class space    used 8434K, capacity 9006K, committed 9088K, reserved 1048576K
}
Event: 47.290 GC heap before
{Heap before GC invocations=21 (full 3):
 PSYoungGen      total 181248K, used 171564K [0x00000000eab00000, 0x00000000f8900000, 0x0000000100000000)
  eden space 154112K, 100% used [0x00000000eab00000,0x00000000f4180000,0x00000000f4180000)
  from space 27136K, 64% used [0x00000000f4180000,0x00000000f528b158,0x00000000f5c00000)
  to   space 27648K, 0% used [0x00000000f6e00000,0x00000000f6e00000,0x00000000f8900000)
 ParOldGen       total 100864K, used 46647K [0x00000000c0000000, 0x00000000c6280000, 0x00000000eab00000)
  object space 100864K, 46% used [0x00000000c0000000,0x00000000c2d8de70,0x00000000c6280000)
 Metaspace       used 71291K, capacity 74166K, committed 74368K, reserved 1114112K
  class space    used 9406K, capacity 10075K, committed 10112K, reserved 1048576K
Event: 47.349 GC heap after
Heap after GC invocations=21 (full 3):
 PSYoungGen      total 194560K, used 27619K [0x00000000eab00000, 0x00000000f9200000, 0x0000000100000000)
  eden space 166912K, 0% used [0x00000000eab00000,0x00000000eab00000,0x00000000f4e00000)
  from space 27648K, 99% used [0x00000000f6e00000,0x00000000f88f8f70,0x00000000f8900000)
  to   space 32768K, 0% used [0x00000000f4e00000,0x00000000f4e00000,0x00000000f6e00000)
 ParOldGen       total 100864K, used 50954K [0x00000000c0000000, 0x00000000c6280000, 0x00000000eab00000)
  object space 100864K, 50% used [0x00000000c0000000,0x00000000c31c2a98,0x00000000c6280000)
 Metaspace       used 71291K, capacity 74166K, committed 74368K, reserved 1114112K
  class space    used 9406K, capacity 10075K, committed 10112K, reserved 1048576K
}
Event: 49.019 GC heap before
{Heap before GC invocations=22 (full 3):
 PSYoungGen      total 194560K, used 194531K [0x00000000eab00000, 0x00000000f9200000, 0x0000000100000000)
  eden space 166912K, 100% used [0x00000000eab00000,0x00000000f4e00000,0x00000000f4e00000)
  from space 27648K, 99% used [0x00000000f6e00000,0x00000000f88f8f70,0x00000000f8900000)
  to   space 32768K, 0% used [0x00000000f4e00000,0x00000000f4e00000,0x00000000f6e00000)
 ParOldGen       total 100864K, used 50954K [0x00000000c0000000, 0x00000000c6280000, 0x00000000eab00000)
  object space 100864K, 50% used [0x00000000c0000000,0x00000000c31c2a98,0x00000000c6280000)
 Metaspace       used 72090K, capacity 75066K, committed 75264K, reserved 1114112K
  class space    used 9458K, capacity 10143K, committed 10240K, reserved 1048576K
Event: 49.162 GC heap after
Heap after GC invocations=22 (full 3):
 PSYoungGen      total 199680K, used 27857K [0x00000000eab00000, 0x00000000f9200000, 0x0000000100000000)
  eden space 166912K, 0% used [0x00000000eab00000,0x00000000eab00000,0x00000000f4e00000)
  from space 32768K, 85% used [0x00000000f4e00000,0x00000000f6934750,0x00000000f6e00000)
  to   space 27648K, 0% used [0x00000000f6e00000,0x00000000f6e00000,0x00000000f8900000)
 ParOldGen       total 100864K, used 50962K [0x00000000c0000000, 0x00000000c6280000, 0x00000000eab00000)
  object space 100864K, 50% used [0x00000000c0000000,0x00000000c31c4a98,0x00000000c6280000)
 Metaspace       used 72090K, capacity 75066K, committed 75264K, reserved 1114112K
  class space    used 9458K, capacity 10143K, committed 10240K, reserved 1048576K
}
Event: 50.369 GC heap before
{Heap before GC invocations=23 (full 3):
 PSYoungGen      total 199680K, used 194769K [0x00000000eab00000, 0x00000000f9200000, 0x0000000100000000)
  eden space 166912K, 100% used [0x00000000eab00000,0x00000000f4e00000,0x00000000f4e00000)
  from space 32768K, 85% used [0x00000000f4e00000,0x00000000f6934750,0x00000000f6e00000)
  to   space 27648K, 0% used [0x00000000f6e00000,0x00000000f6e00000,0x00000000f8900000)
 ParOldGen       total 100864K, used 50962K [0x00000000c0000000, 0x00000000c6280000, 0x00000000eab00000)
  object space 100864K, 50% used [0x00000000c0000000,0x00000000c31c4a98,0x00000000c6280000)
 Metaspace       used 72202K, capacity 75142K, committed 75264K, reserved 1114112K
  class space    used 9470K, capacity 10143K, committed 10240K, reserved 1048576K
Event: 50.427 GC heap after
Heap after GC invocations=23 (full 3):
 PSYoungGen      total 194560K, used 27634K [0x00000000eab00000, 0x00000000f9200000, 0x0000000100000000)
  eden space 166912K, 0% used [0x00000000eab00000,0x00000000eab00000,0x00000000f4e00000)
  from space 27648K, 99% used [0x00000000f6e00000,0x00000000f88fc8f8,0x00000000f8900000)
  to   space 32768K, 0% used [0x00000000f4e00000,0x00000000f4e00000,0x00000000f6e00000)
 ParOldGen       total 100864K, used 50970K [0x00000000c0000000, 0x00000000c6280000, 0x00000000eab00000)
  object space 100864K, 50% used [0x00000000c0000000,0x00000000c31c6a98,0x00000000c6280000)
 Metaspace       used 72202K, capacity 75142K, committed 75264K, reserved 1114112K
  class space    used 9470K, capacity 10143K, committed 10240K, reserved 1048576K
}
Event: 51.788 GC heap before
{Heap before GC invocations=24 (full 3):
 PSYoungGen      total 194560K, used 194546K [0x00000000eab00000, 0x00000000f9200000, 0x0000000100000000)
  eden space 166912K, 100% used [0x00000000eab00000,0x00000000f4e00000,0x00000000f4e00000)
  from space 27648K, 99% used [0x00000000f6e00000,0x00000000f88fc8f8,0x00000000f8900000)
  to   space 32768K, 0% used [0x00000000f4e00000,0x00000000f4e00000,0x00000000f6e00000)
 ParOldGen       total 100864K, used 50970K [0x00000000c0000000, 0x00000000c6280000, 0x00000000eab00000)
  object space 100864K, 50% used [0x00000000c0000000,0x00000000c31c6a98,0x00000000c6280000)
 Metaspace       used 73287K, capacity 76472K, committed 76672K, reserved 1116160K
  class space    used 9591K, capacity 10282K, committed 10368K, reserved 1048576K
Event: 51.823 GC heap after
Heap after GC invocations=24 (full 3):
 PSYoungGen      total 199680K, used 22049K [0x00000000eab00000, 0x00000000f9200000, 0x0000000100000000)
  eden space 166912K, 0% used [0x00000000eab00000,0x00000000eab00000,0x00000000f4e00000)
  from space 32768K, 67% used [0x00000000f4e00000,0x00000000f63886b0,0x00000000f6e00000)
  to   space 27648K, 0% used [0x00000000f6e00000,0x00000000f6e00000,0x00000000f8900000)
 ParOldGen       total 100864K, used 50978K [0x00000000c0000000, 0x00000000c6280000, 0x00000000eab00000)
  object space 100864K, 50% used [0x00000000c0000000,0x00000000c31c8a98,0x00000000c6280000)
 Metaspace       used 73287K, capacity 76472K, committed 76672K, reserved 1116160K
  class space    used 9591K, capacity 10282K, committed 10368K, reserved 1048576K
}

