# JRE version: OpenJDK Runtime Environment (8.0_152-b06) (build 1.8.0_152-release-1136-b06)
# Java VM: OpenJDK 64-Bit Server VM (25.152-b06 mixed mode windows-amd64 compressed oops)
Heap:
 PSYoungGen      total 295936K, used 262765K [0x00000000e0000000, 0x00000000f5c80000, 0x0000000100000000)
  eden space 264704K, 91% used [0x00000000e0000000,0x00000000eeb45b28,0x00000000f0280000)
  from space 31232K, 69% used [0x00000000f0280000,0x00000000f17d5b38,0x00000000f2100000)
  to   space 32256K, 0% used [0x00000000f3d00000,0x00000000f3d00000,0x00000000f5c80000)
 ParOldGen       total 146944K, used 99089K [0x00000000a0000000, 0x00000000a8f80000, 0x00000000e0000000)
  object space 146944K, 67% used [0x00000000a0000000,0x00000000a60c45f8,0x00000000a8f80000)
 Metaspace       used 86772K, capacity 90363K, committed 90456K, reserved 1128448K
  class space    used 11026K, capacity 11859K, committed 11904K, reserved 1048576K
GC Heap History (10 events):
Event: 52.278 GC heap before
{Heap before GC invocations=20 (full 3):
 PSYoungGen      total 223232K, used 221857K [0x00000000e0000000, 0x00000000ef380000, 0x0000000100000000)
  eden space 206336K, 100% used [0x00000000e0000000,0x00000000ec980000,0x00000000ec980000)
  from space 16896K, 91% used [0x00000000ee300000,0x00000000ef2284c8,0x00000000ef380000)
  to   space 21504K, 0% used [0x00000000ec980000,0x00000000ec980000,0x00000000ede80000)
 ParOldGen       total 146944K, used 48884K [0x00000000a0000000, 0x00000000a8f80000, 0x00000000e0000000)
  object space 146944K, 33% used [0x00000000a0000000,0x00000000a2fbd3b0,0x00000000a8f80000)
 Metaspace       used 70921K, capacity 73309K, committed 73560K, reserved 1114112K
  class space    used 9236K, capacity 9809K, committed 9856K, reserved 1048576K
Event: 52.382 GC heap after
Heap after GC invocations=20 (full 3):
 PSYoungGen      total 227840K, used 21472K [0x00000000e0000000, 0x00000000f3480000, 0x0000000100000000)
  eden space 206336K, 0% used [0x00000000e0000000,0x00000000e0000000,0x00000000ec980000)
  from space 21504K, 99% used [0x00000000ec980000,0x00000000ede78218,0x00000000ede80000)
  to   space 36352K, 0% used [0x00000000f1100000,0x00000000f1100000,0x00000000f3480000)
 ParOldGen       total 146944K, used 81048K [0x00000000a0000000, 0x00000000a8f80000, 0x00000000e0000000)
  object space 146944K, 55% used [0x00000000a0000000,0x00000000a4f26380,0x00000000a8f80000)
 Metaspace       used 70921K, capacity 73309K, committed 73560K, reserved 1114112K
  class space    used 9236K, capacity 9809K, committed 9856K, reserved 1048576K
}
Event: 240.666 GC heap before
{Heap before GC invocations=21 (full 3):
 PSYoungGen      total 227840K, used 227808K [0x00000000e0000000, 0x00000000f3480000, 0x0000000100000000)
  eden space 206336K, 100% used [0x00000000e0000000,0x00000000ec980000,0x00000000ec980000)
  from space 21504K, 99% used [0x00000000ec980000,0x00000000ede78218,0x00000000ede80000)
  to   space 36352K, 0% used [0x00000000f1100000,0x00000000f1100000,0x00000000f3480000)
 ParOldGen       total 146944K, used 81048K [0x00000000a0000000, 0x00000000a8f80000, 0x00000000e0000000)
  object space 146944K, 55% used [0x00000000a0000000,0x00000000a4f26380,0x00000000a8f80000)
 Metaspace       used 73053K, capacity 75809K, committed 76120K, reserved 1116160K
  class space    used 9446K, capacity 10078K, committed 10112K, reserved 1048576K
Event: 240.731 GC heap after
Heap after GC invocations=21 (full 3):
 PSYoungGen      total 265216K, used 11293K [0x00000000e0000000, 0x00000000f2c00000, 0x0000000100000000)
  eden space 237568K, 0% used [0x00000000e0000000,0x00000000e0000000,0x00000000ee800000)
  from space 27648K, 40% used [0x00000000f1100000,0x00000000f1c07518,0x00000000f2c00000)
  to   space 34816K, 0% used [0x00000000ee800000,0x00000000ee800000,0x00000000f0a00000)
 ParOldGen       total 146944K, used 99057K [0x00000000a0000000, 0x00000000a8f80000, 0x00000000e0000000)
  object space 146944K, 67% used [0x00000000a0000000,0x00000000a60bc5f8,0x00000000a8f80000)
 Metaspace       used 73053K, capacity 75809K, committed 76120K, reserved 1116160K
  class space    used 9446K, capacity 10078K, committed 10112K, reserved 1048576K
}
Event: 271.490 GC heap before
{Heap before GC invocations=22 (full 3):
 PSYoungGen      total 265216K, used 248861K [0x00000000e0000000, 0x00000000f2c00000, 0x0000000100000000)
  eden space 237568K, 100% used [0x00000000e0000000,0x00000000ee800000,0x00000000ee800000)
  from space 27648K, 40% used [0x00000000f1100000,0x00000000f1c07518,0x00000000f2c00000)
  to   space 34816K, 0% used [0x00000000ee800000,0x00000000ee800000,0x00000000f0a00000)
 ParOldGen       total 146944K, used 99057K [0x00000000a0000000, 0x00000000a8f80000, 0x00000000e0000000)
  object space 146944K, 67% used [0x00000000a0000000,0x00000000a60bc5f8,0x00000000a8f80000)
 Metaspace       used 74242K, capacity 77229K, committed 77272K, reserved 1116160K
  class space    used 9539K, capacity 10228K, committed 10240K, reserved 1048576K
Event: 271.516 GC heap after
Heap after GC invocations=22 (full 3):
 PSYoungGen      total 272384K, used 14198K [0x00000000e0000000, 0x00000000f4500000, 0x0000000100000000)
  eden space 237568K, 0% used [0x00000000e0000000,0x00000000e0000000,0x00000000ee800000)
  from space 34816K, 40% used [0x00000000ee800000,0x00000000ef5ddae8,0x00000000f0a00000)
  to   space 32768K, 0% used [0x00000000f2500000,0x00000000f2500000,0x00000000f4500000)
 ParOldGen       total 146944K, used 99065K [0x00000000a0000000, 0x00000000a8f80000, 0x00000000e0000000)
  object space 146944K, 67% used [0x00000000a0000000,0x00000000a60be5f8,0x00000000a8f80000)
 Metaspace       used 74242K, capacity 77229K, committed 77272K, reserved 1116160K
  class space    used 9539K, capacity 10228K, committed 10240K, reserved 1048576K
}
Event: 275.161 GC heap before
{Heap before GC invocations=23 (full 3):
 PSYoungGen      total 272384K, used 251766K [0x00000000e0000000, 0x00000000f4500000, 0x0000000100000000)
  eden space 237568K, 100% used [0x00000000e0000000,0x00000000ee800000,0x00000000ee800000)
  from space 34816K, 40% used [0x00000000ee800000,0x00000000ef5ddae8,0x00000000f0a00000)
  to   space 32768K, 0% used [0x00000000f2500000,0x00000000f2500000,0x00000000f4500000)
 ParOldGen       total 146944K, used 99065K [0x00000000a0000000, 0x00000000a8f80000, 0x00000000e0000000)
  object space 146944K, 67% used [0x00000000a0000000,0x00000000a60be5f8,0x00000000a8f80000)
 Metaspace       used 74470K, capacity 77627K, committed 77912K, reserved 1116160K
  class space    used 9565K, capacity 10295K, committed 10368K, reserved 1048576K
Event: 275.187 GC heap after
Heap after GC invocations=23 (full 3):
 PSYoungGen      total 291840K, used 12496K [0x00000000e0000000, 0x00000000f3f80000, 0x0000000100000000)
  eden space 264704K, 0% used [0x00000000e0000000,0x00000000e0000000,0x00000000f0280000)
  from space 27136K, 46% used [0x00000000f2500000,0x00000000f31341b0,0x00000000f3f80000)
  to   space 31232K, 0% used [0x00000000f0280000,0x00000000f0280000,0x00000000f2100000)
 ParOldGen       total 146944K, used 99073K [0x00000000a0000000, 0x00000000a8f80000, 0x00000000e0000000)
  object space 146944K, 67% used [0x00000000a0000000,0x00000000a60c05f8,0x00000000a8f80000)
 Metaspace       used 74470K, capacity 77627K, committed 77912K, reserved 1116160K
  class space    used 9565K, capacity 10295K, committed 10368K, reserved 1048576K
}
Event: 283.008 GC heap before
{Heap before GC invocations=24 (full 3):
 PSYoungGen      total 291840K, used 277200K [0x00000000e0000000, 0x00000000f3f80000, 0x0000000100000000)
  eden space 264704K, 100% used [0x00000000e0000000,0x00000000f0280000,0x00000000f0280000)
  from space 27136K, 46% used [0x00000000f2500000,0x00000000f31341b0,0x00000000f3f80000)
  to   space 31232K, 0% used [0x00000000f0280000,0x00000000f0280000,0x00000000f2100000)
 ParOldGen       total 146944K, used 99073K [0x00000000a0000000, 0x00000000a8f80000, 0x00000000e0000000)
  object space 146944K, 67% used [0x00000000a0000000,0x00000000a60c05f8,0x00000000a8f80000)
 Metaspace       used 80729K, capacity 83937K, committed 84184K, reserved 1122304K
  class space    used 10207K, capacity 10968K, committed 11008K, reserved 1048576K
Event: 283.057 GC heap after
Heap after GC invocations=24 (full 3):
 PSYoungGen      total 295936K, used 21846K [0x00000000e0000000, 0x00000000f5c80000, 0x0000000100000000)
  eden space 264704K, 0% used [0x00000000e0000000,0x00000000e0000000,0x00000000f0280000)
  from space 31232K, 69% used [0x00000000f0280000,0x00000000f17d5b38,0x00000000f2100000)
  to   space 32256K, 0% used [0x00000000f3d00000,0x00000000f3d00000,0x00000000f5c80000)
 ParOldGen       total 146944K, used 99089K [0x00000000a0000000, 0x00000000a8f80000, 0x00000000e0000000)
  object space 146944K, 67% used [0x00000000a0000000,0x00000000a60c45f8,0x00000000a8f80000)
 Metaspace       used 80729K, capacity 83937K, committed 84184K, reserved 1122304K
  class space    used 10207K, capacity 10968K, committed 11008K, reserved 1048576K
}

